build/outputs/logs/manifest-merger-release-report.txt
-- Merging decision tree log ---
manifest
ADDED from src/main/AndroidManifest.xml:5:1-85:12
	package
		ADDED from src/main/AndroidManifest.xml:6:7-40
	android:versionName
		ADDED from src/main/AndroidManifest.xml:8:7-32
		INJECTED from src/main/AndroidManifest.xml
		INJECTED from src/main/AndroidManifest.xml
	android:versionCode
		ADDED from src/main/AndroidManifest.xml:7:7-30
		INJECTED from src/main/AndroidManifest.xml
		INJECTED from src/main/AndroidManifest.xml
	xmlns:android
		ADDED from src/main/AndroidManifest.xml:5:11-69
	android:installLocation
		ADDED from src/main/AndroidManifest.xml:9:7-37
supports-screens
ADDED from src/main/AndroidManifest.xml:11:5-19:7
	android:largeScreens
		ADDED from src/main/AndroidManifest.xml:14:13-40
	android:smallScreens
		ADDED from src/main/AndroidManifest.xml:12:13-40
	android:normalScreens
		ADDED from src/main/AndroidManifest.xml:13:13-41
	android:xlargeScreens
		ADDED from src/main/AndroidManifest.xml:17:13-41
	android:anyDensity
		ADDED from src/main/AndroidManifest.xml:15:13-38
uses-sdk
ADDED from src/main/AndroidManifest.xml:22:5-75
	android:targetSdkVersion
		ADDED from src/main/AndroidManifest.xml:22:42-72
		INJECTED from src/main/AndroidManifest.xml
		INJECTED from src/main/AndroidManifest.xml
	android:minSdkVersion
		ADDED from src/main/AndroidManifest.xml:22:15-41
		INJECTED from src/main/AndroidManifest.xml
		INJECTED from src/main/AndroidManifest.xml
uses-feature#0x00020000
ADDED from src/main/AndroidManifest.xml:26:5-54
	android:glEsVersion
		ADDED from src/main/AndroidManifest.xml:26:19-51
uses-permission#android.permission.WRITE_EXTERNAL_STORAGE
ADDED from src/main/AndroidManifest.xml:29:5-81
	android:name
		ADDED from src/main/AndroidManifest.xml:29:22-78
uses-permission#android.permission.CAMERA
ADDED from src/main/AndroidManifest.xml:32:5-65
	android:name
		ADDED from src/main/AndroidManifest.xml:32:22-62
uses-permission#android.permission.INTERNET
ADDED from src/main/AndroidManifest.xml:36:5-67
	android:name
		ADDED from src/main/AndroidManifest.xml:36:22-64
application
ADDED from src/main/AndroidManifest.xml:53:5-83:19
	android:label
		ADDED from src/main/AndroidManifest.xml:53:18-50
	android:hardwareAccelerated
		ADDED from src/main/AndroidManifest.xml:57:18-52
	android:allowBackup
		ADDED from src/main/AndroidManifest.xml:55:18-44
	android:icon
		ADDED from src/main/AndroidManifest.xml:54:18-47
	android:theme
		ADDED from src/main/AndroidManifest.xml:56:18-76
meta-data#wakelock
ADDED from src/main/AndroidManifest.xml:60:9-63
	android:value
		ADDED from src/main/AndroidManifest.xml:60:44-61
	android:name
		ADDED from src/main/AndroidManifest.xml:60:20-43
activity#org.kivy.android.PythonActivity
ADDED from src/main/AndroidManifest.xml:62:9-74:24
	android:screenOrientation
		ADDED from src/main/AndroidManifest.xml:65:19-55
	android:label
		ADDED from src/main/AndroidManifest.xml:63:19-51
	android:configChanges
		ADDED from src/main/AndroidManifest.xml:64:19-80
	android:name
		ADDED from src/main/AndroidManifest.xml:62:19-65
intent-filter#android.intent.action.MAIN+android.intent.category.LAUNCHER
ADDED from src/main/AndroidManifest.xml:70:13-73:29
action#android.intent.action.MAIN
ADDED from src/main/AndroidManifest.xml:71:17-69
	android:name
		ADDED from src/main/AndroidManifest.xml:71:25-66
category#android.intent.category.LAUNCHER
ADDED from src/main/AndroidManifest.xml:72:17-77
	android:name
		ADDED from src/main/AndroidManifest.xml:72:27-74